<?xml version="1.0" encoding="UTF-8"?>
<!-- Generated by org.testng.reporters.JUnitXMLReporter -->
<testsuite ignored="2" hostname="UshAravind" failures="0" tests="3" name="Test" time="9.394" errors="0" timestamp="2025-07-27T14:45:58 IST">
  <testcase classname="com.runner.NaukriRunner" name="validLoginPage" time="2.248"/>
  <testcase classname="com.runner.NaukriRunner" name="profilePage" time="1.024"/>
  <testcase classname="com.runner.NaukriRunner" name="addResumeHeadLinePage" time="0.995"/>
  <testcase classname="com.runner.NaukriRunner" name="addEducationPage" time="0.0">
    <ignored/>
  </testcase> <!-- addEducationPage -->
  <testcase classname="com.runner.NaukriRunner" name="addSkillPage" time="0.0">
    <ignored/>
  </testcase> <!-- addSkillPage -->
</testsuite> <!-- Test -->
