<?xml version="1.0" encoding="UTF-8"?>
<!-- Generated by org.testng.reporters.JUnitXMLReporter -->
<testsuite ignored="1" hostname="UshAravind" failures="1" tests="3" name="Test" time="62.759" errors="0" timestamp="2025-07-25T21:30:03 IST">
  <testcase classname="com.runner.NaukriRunner" name="validLoginPage" time="2.574"/>
  <testcase classname="com.runner.NaukriRunner" name="profilePage" time="1.313"/>
  <testcase classname="com.runner.NaukriRunner" name="addEducationPage" time="53.18">
    <failure type="java.lang.AssertionError" message="ERROR : OCCURED DURING EXPLICIIT WAIT">
      <![CDATA[java.lang.AssertionError: ERROR : OCCURED DURING EXPLICIIT WAIT
at org.junit.Assert.fail(Assert.java:89)
at com.base.BaseClass.explicitcitWait(BaseClass.java:148)
at com.pageobjectmodel.AddEmployment.addEmploymentPage(AddEmployment.java:97)
at com.runner.NaukriRunner.addEducationPage(NaukriRunner.java:47)
at java.base/java.util.ArrayList.forEach(ArrayList.java:1511)
... Removed 27 stack frames]]>
    </failure>
  </testcase> <!-- addEducationPage -->
  <testcase classname="com.runner.NaukriRunner" name="addSkillPage" time="0.0">
    <ignored/>
  </testcase> <!-- addSkillPage -->
</testsuite> <!-- Test -->
