<?xml version="1.0" encoding="UTF-8"?>
<testng-results ignored="2" total="5" passed="3" failed="0" skipped="0">
  <reporter-output>
  </reporter-output>
  <suite started-at="2025-07-27T14:45:49 IST" name="Suite" finished-at="2025-07-27T14:45:58 IST" duration-ms="9394">
    <groups>
    </groups>
    <test started-at="2025-07-27T14:45:49 IST" name="Test" finished-at="2025-07-27T14:45:58 IST" duration-ms="9394">
      <class name="com.runner.NaukriRunner">
        <test-method is-config="true" signature="propertySetup()[pri:0, instance:com.runner.NaukriRunner@c0c2f8d]" started-at="2025-07-27T14:45:49 IST" name="propertySetup" finished-at="2025-07-27T14:45:54 IST" duration-ms="5097" status="PASS">
          <reporter-output>
          </reporter-output>
        </test-method> <!-- propertySetup -->
        <test-method signature="validLoginPage()[pri:1, instance:com.runner.NaukriRunner@c0c2f8d]" started-at="2025-07-27T14:45:54 IST" name="validLoginPage" finished-at="2025-07-27T14:45:56 IST" duration-ms="2248" status="PASS">
          <reporter-output>
          </reporter-output>
        </test-method> <!-- validLoginPage -->
        <test-method signature="profilePage()[pri:2, instance:com.runner.NaukriRunner@c0c2f8d]" started-at="2025-07-27T14:45:56 IST" name="profilePage" finished-at="2025-07-27T14:45:57 IST" duration-ms="1024" status="PASS">
          <reporter-output>
          </reporter-output>
        </test-method> <!-- profilePage -->
        <test-method signature="addResumeHeadLinePage()[pri:3, instance:com.runner.NaukriRunner@c0c2f8d]" started-at="2025-07-27T14:45:57 IST" name="addResumeHeadLinePage" finished-at="2025-07-27T14:45:58 IST" duration-ms="995" status="PASS">
          <reporter-output>
          </reporter-output>
        </test-method> <!-- addResumeHeadLinePage -->
      </class> <!-- com.runner.NaukriRunner -->
    </test> <!-- Test -->
  </suite> <!-- Suite -->
</testng-results>
